<?xml version="1.0" encoding="UTF-8"?>
<!-- Generated by org.testng.reporters.JUnitReportReporter -->
<testsuite skipped="0" hostname="Admin-PC" name="firstt.test2" tests="5" failures="0" timestamp="27 Feb 2019 10:49:00 GMT" time="0.024" errors="0">
  <testcase name="b2" time="0.003" classname="firstt.test2"/>
  <testcase name="b2" time="0.003" classname="firstt.test2"/>
  <testcase name="b2" time="0.004" classname="firstt.test2"/>
  <testcase name="b2" time="0.011" classname="firstt.test2"/>
  <testcase name="b2" time="0.003" classname="firstt.test2"/>
</testsuite> <!-- firstt.test2 -->
