<?xml version="1.0" encoding="UTF-8"?>
<!-- Generated by org.testng.reporters.JUnitReportReporter -->
<testsuite skipped="0" hostname="Admin-PC" name="firstt.Sample2" tests="2" failures="0" timestamp="27 Feb 2019 10:15:54 GMT" time="0.032" errors="0">
  <testcase name="b2" time="0.029" classname="firstt.Sample2"/>
  <testcase name="b1" time="0.003" classname="firstt.Sample2"/>
</testsuite> <!-- firstt.Sample2 -->
