<?xml version="1.0" encoding="UTF-8"?>
<!-- Generated by org.testng.reporters.JUnitReportReporter -->
<testsuite skipped="1" hostname="Pushpendra" name="firstt.DemodataProvider2" tests="1" failures="0" timestamp="03 Mar 2019 05:04:35 GMT" time="0.000" errors="0">
  <testcase name="run" time="0.000" classname="firstt.DemodataProvider2">
    <skipped/>
  </testcase> <!-- run -->
</testsuite> <!-- firstt.DemodataProvider2 -->
