<?xml version="1.0" encoding="UTF-8"?>
<!-- Generated by org.testng.reporters.JUnitReportReporter -->
<testsuite skipped="0" hostname="LAPTOP-DUI2CR0P" name="firstt.Testxl" tests="1" failures="0" timestamp="01 Mar 2019 04:06:22 GMT" time="0.016" errors="0">
  <testcase name="test" time="0.016" classname="firstt.Testxl"/>
</testsuite> <!-- firstt.Testxl -->
