<?xml version="1.0" encoding="UTF-8"?>
<!-- Generated by org.testng.reporters.JUnitReportReporter -->
<testsuite skipped="0" hostname="Pushpendra" name="firstt.DemoDetaProvider" tests="1" failures="0" timestamp="03 Mar 2019 05:29:52 GMT" time="0.015" errors="0">
  <testcase name="test4" time="0.015" classname="firstt.DemoDetaProvider"/>
</testsuite> <!-- firstt.DemoDetaProvider -->
