<?xml version="1.0" encoding="UTF-8"?>
<!-- Generated by org.testng.reporters.JUnitReportReporter -->
<testsuite skipped="1" hostname="Rohit-PC" name="firstt.TestExcel" tests="1" failures="0" timestamp="01 Mar 2019 04:09:51 GMT" time="0.000" errors="0">
  <testcase name="runn" time="0.000" classname="firstt.TestExcel">
    <skipped/>
  </testcase> <!-- runn -->
</testsuite> <!-- firstt.TestExcel -->
