<?xml version="1.0" encoding="UTF-8"?>
<!-- Generated by org.testng.reporters.JUnitReportReporter -->
<testsuite skipped="0" hostname="Admin-PC" name="Assignments.Assignment2" tests="1" failures="0" timestamp="03 Mar 2019 12:44:20 GMT" time="56.625" errors="0">
  <testcase name="action" time="56.625" classname="Assignments.Assignment2"/>
</testsuite> <!-- Assignments.Assignment2 -->
