<?xml version="1.0" encoding="UTF-8"?>
<!-- Generated by org.testng.reporters.JUnitReportReporter -->
<testsuite skipped="0" hostname="Admin-PC" name="firstt.demolistner" tests="2" failures="0" timestamp="01 Mar 2019 07:01:31 GMT" time="0.000" errors="0">
  <testcase name="b1" time="0.000" classname="firstt.demolistner"/>
  <testcase name="b2" time="0.000" classname="firstt.demolistner"/>
</testsuite> <!-- firstt.demolistner -->
