<?xml version="1.0" encoding="UTF-8"?>
<!-- Generated by org.testng.reporters.JUnitReportReporter -->
<testsuite skipped="0" hostname="Admin-PC" name="firstt.Sample" tests="2" failures="0" timestamp="27 Feb 2019 10:08:03 GMT" time="0.008" errors="0">
  <testcase name="b2" time="0.004" classname="firstt.Sample"/>
  <testcase name="b1" time="0.004" classname="firstt.Sample"/>
</testsuite> <!-- firstt.Sample -->
