<?xml version="1.0" encoding="UTF-8"?>
<!-- Generated by org.testng.reporters.JUnitReportReporter -->
<testsuite skipped="0" hostname="Admin-PC" name="firstt.one" tests="1" failures="0" timestamp="28 Feb 2019 10:52:53 GMT" time="0.016" errors="0">
  <testcase name="b1" time="0.016" classname="firstt.one"/>
</testsuite> <!-- firstt.one -->
