<?xml version="1.0" encoding="UTF-8"?>
<!-- Generated by org.testng.reporters.JUnitReportReporter -->
<testsuite skipped="0" hostname="Admin-PC" name="firstt.dataprovider" tests="1" failures="0" timestamp="01 Mar 2019 03:33:50 GMT" time="0.016" errors="0">
  <testcase name="b3" time="0.016" classname="firstt.dataprovider"/>
</testsuite> <!-- firstt.dataprovider -->
