<?xml version="1.0" encoding="UTF-8"?>
<!-- Generated by org.testng.reporters.JUnitReportReporter -->
<testsuite skipped="0" hostname="DESKTOP-BN2B2LR" name="data_provi.ReadDataFrXls1" tests="3" failures="0" timestamp="01 Mar 2019 03:58:58 GMT" time="0.017" errors="0">
  <testcase name="test" time="0.003" classname="data_provi.ReadDataFrXls1"/>
  <testcase name="test" time="0.013" classname="data_provi.ReadDataFrXls1"/>
  <testcase name="test" time="0.001" classname="data_provi.ReadDataFrXls1"/>
</testsuite> <!-- data_provi.ReadDataFrXls1 -->
