<?xml version="1.0" encoding="UTF-8"?>
<!-- Generated by org.testng.reporters.JUnitReportReporter -->
<testsuite skipped="0" hostname="LAPTOP-DUI2CR0P" name="firstt.TestTestng2" tests="3" failures="0" timestamp="27 Feb 2019 10:12:38 GMT" time="0.047" errors="0">
  <testcase name="testTestNg2" time="0.015" classname="firstt.TestTestng2"/>
  <testcase name="testMethod" time="0.016" classname="firstt.TestTestng2"/>
  <testcase name="testTestNg2" time="0.016" classname="firstt.TestTestng2"/>
</testsuite> <!-- firstt.TestTestng2 -->
