<?xml version="1.0" encoding="UTF-8"?>
<!-- Generated by org.testng.reporters.JUnitReportReporter -->
<testsuite skipped="2" hostname="DESKTOP-BN2B2LR" name="firstt.Invocat" tests="8" failures="0" timestamp="28 Feb 2019 07:19:56 GMT" time="0.007" errors="0">
  <testcase name="test1" time="0.005" classname="firstt.Invocat"/>
  <testcase name="test1" time="0.001" classname="firstt.Invocat"/>
  <testcase name="test1" time="0.000" classname="firstt.Invocat"/>
  <testcase name="test1" time="0.000" classname="firstt.Invocat"/>
  <testcase name="test1" time="0.001" classname="firstt.Invocat"/>
  <testcase name="test1" time="0.000" classname="firstt.Invocat"/>
  <testcase name="test3" classname="firstt.Invocat">
    <skipped/>
  </testcase> <!-- test3 -->
  <testcase name="test4" classname="firstt.Invocat">
    <skipped/>
  </testcase> <!-- test4 -->
</testsuite> <!-- firstt.Invocat -->
