<?xml version="1.0" encoding="UTF-8"?>
<!-- Generated by org.testng.reporters.JUnitReportReporter -->
<testsuite skipped="0" hostname="DESKTOP-BN2B2LR" name="firstt.Skip3" tests="1" failures="0" timestamp="28 Feb 2019 07:20:30 GMT" time="0.006" errors="0">
  <testcase name="m1" time="0.006" classname="firstt.Skip3"/>
</testsuite> <!-- firstt.Skip3 -->
