<?xml version="1.0" encoding="UTF-8"?>
<!-- Generated by org.testng.reporters.JUnitReportReporter -->
<testsuite skipped="0" hostname="Pushpendra" name="firstt.UserGroup" tests="2" failures="0" timestamp="28 Feb 2019 08:39:50 GMT" time="0.012" errors="0">
  <testcase name="createUser" time="0.011" classname="firstt.UserGroup"/>
  <testcase name="removeUser" time="0.001" classname="firstt.UserGroup"/>
</testsuite> <!-- firstt.UserGroup -->
