<?xml version="1.0" encoding="UTF-8"?>
<!-- Generated by org.testng.reporters.JUnitReportReporter -->
<testsuite skipped="0" hostname="Pushpendra" name="firstt.Priority1" tests="2" failures="0" timestamp="28 Feb 2019 08:49:11 GMT" time="0.020" errors="0">
  <testcase name="a" time="0.016" classname="firstt.Priority1"/>
  <testcase name="b" time="0.004" classname="firstt.Priority1"/>
</testsuite> <!-- firstt.Priority1 -->
