<?xml version="1.0" encoding="UTF-8"?>
<!-- Generated by org.testng.reporters.JUnitReportReporter -->
<testsuite skipped="0" hostname="Pushpendra" name="firstt.DemoIsuiteListenerTest" tests="2" failures="0" timestamp="02 Mar 2019 17:41:04 GMT" time="0.011" errors="0">
  <testcase name="run" time="0.010" classname="firstt.DemoIsuiteListenerTest"/>
  <testcase name="run2" time="0.001" classname="firstt.DemoIsuiteListenerTest"/>
</testsuite> <!-- firstt.DemoIsuiteListenerTest -->
