<?xml version="1.0" encoding="UTF-8"?>
<!-- Generated by org.testng.reporters.JUnitReportReporter -->
<testsuite skipped="0" hostname="DESKTOP-BN2B2LR" name="testng1.Assertion3" tests="1" failures="0" timestamp="01 Mar 2019 05:46:15 GMT" time="0.010" errors="0">
  <testcase name="asser" time="0.010" classname="testng1.Assertion3"/>
</testsuite> <!-- testng1.Assertion3 -->
