<?xml version="1.0" encoding="UTF-8"?>
<!-- Generated by org.testng.reporters.JUnitReportReporter -->
<testsuite skipped="0" hostname="DESKTOP-BN2B2LR" name="firstt.P2" tests="1" failures="0" timestamp="28 Feb 2019 07:19:36 GMT" time="0.000" errors="0">
  <testcase name="test" time="0.000" classname="firstt.P2"/>
</testsuite> <!-- firstt.P2 -->
