<?xml version="1.0" encoding="UTF-8"?>
<!-- Generated by org.testng.reporters.JUnitReportReporter -->
<testsuite skipped="0" hostname="DESKTOP-BN2B2LR" name="data_provi.ReadDataFrXls1a" tests="3" failures="0" timestamp="01 Mar 2019 02:45:31 GMT" time="0.010" errors="0">
  <testcase name="run" time="0.008" classname="data_provi.ReadDataFrXls1a"/>
  <testcase name="run" time="0.001" classname="data_provi.ReadDataFrXls1a"/>
  <testcase name="run" time="0.001" classname="data_provi.ReadDataFrXls1a"/>
</testsuite> <!-- data_provi.ReadDataFrXls1a -->
