<?xml version="1.0" encoding="UTF-8"?>
<!-- Generated by org.testng.reporters.JUnitReportReporter -->
<testsuite skipped="0" hostname="LAPTOP-DUI2CR0P" name="firstt.TestTestNg" tests="1" failures="0" timestamp="28 Feb 2019 03:10:14 GMT" time="0.000" errors="0">
  <testcase name="testMethod" time="0.000" classname="firstt.TestTestNg"/>
</testsuite> <!-- firstt.TestTestNg -->
