<?xml version="1.0" encoding="UTF-8"?>
<!-- Generated by org.testng.reporters.JUnitReportReporter -->
<testsuite skipped="0" hostname="Rohit-PC" name="firstt.test3" tests="2" failures="0" timestamp="27 Feb 2019 10:54:47 GMT" time="0.013" errors="0">
  <testcase name="apple1" time="0.002" classname="firstt.test3"/>
  <testcase name="apple" time="0.011" classname="firstt.test3"/>
</testsuite> <!-- firstt.test3 -->
