<?xml version="1.0" encoding="UTF-8"?>
<!-- Generated by org.testng.reporters.JUnitReportReporter -->
<testsuite skipped="0" hostname="Rohit-PC" name="firstt.BookMyshow" tests="1" failures="0" timestamp="03 Mar 2019 11:15:06 GMT" time="39.299" errors="0">
  <testcase name="search" time="39.299" classname="firstt.BookMyshow"/>
</testsuite> <!-- firstt.BookMyshow -->
