<?xml version="1.0" encoding="UTF-8"?>
<!-- Generated by org.testng.reporters.JUnitReportReporter -->
<testsuite skipped="0" hostname="Rohit-PC" name="firstt.TestInvocation" tests="2" failures="0" timestamp="27 Feb 2019 11:06:03 GMT" time="0.016" errors="0">
  <testcase name="test" time="0.004" classname="firstt.TestInvocation"/>
  <testcase name="test" time="0.012" classname="firstt.TestInvocation"/>
</testsuite> <!-- firstt.TestInvocation -->
