<?xml version="1.0" encoding="UTF-8"?>
<!-- Generated by org.testng.reporters.JUnitReportReporter -->
<testsuite skipped="0" hostname="Rohit-PC" name="firstt.Yatra" tests="1" failures="0" timestamp="02 Mar 2019 15:59:56 GMT" time="17.209" errors="0">
  <testcase name="searchFlight" time="17.209" classname="firstt.Yatra"/>
</testsuite> <!-- firstt.Yatra -->
