<?xml version="1.0" encoding="UTF-8"?>
<!-- Generated by org.testng.reporters.JUnitReportReporter -->
<testsuite skipped="0" hostname="LAPTOP-DUI2CR0P" name="firstt.ParaOptional" tests="2" failures="0" timestamp="01 Mar 2019 04:39:41 GMT" time="0.015" errors="0">
  <testcase name="run" time="0.000" classname="firstt.ParaOptional"/>
  <testcase name="run" time="0.015" classname="firstt.ParaOptional"/>
</testsuite> <!-- firstt.ParaOptional -->
