<?xml version="1.0" encoding="UTF-8"?>
<!-- Generated by org.testng.reporters.JUnitReportReporter -->
<testsuite skipped="0" hostname="Admin-PC" name="firstt.Assertion1" tests="1" failures="0" timestamp="01 Mar 2019 04:59:11 GMT" time="0.016" errors="0">
  <testcase name="b1" time="0.016" classname="firstt.Assertion1"/>
</testsuite> <!-- firstt.Assertion1 -->
