<?xml version="1.0" encoding="UTF-8"?>
<!-- Generated by org.testng.reporters.JUnitReportReporter -->
<testsuite skipped="0" hostname="Admin-PC" name="firstt.demolistner1" tests="2" failures="0" timestamp="01 Mar 2019 06:04:42 GMT" time="0.015" errors="0">
  <testcase name="b1" time="0.015" classname="firstt.demolistner1"/>
  <testcase name="b2" time="0.000" classname="firstt.demolistner1"/>
</testsuite> <!-- firstt.demolistner1 -->
