<?xml version="1.0" encoding="UTF-8"?>
<!-- Generated by org.testng.reporters.JUnitReportReporter -->
<testsuite skipped="0" hostname="Admin-PC" name="Assignments.assignment8" tests="1" failures="0" timestamp="03 Mar 2019 18:34:46 GMT" time="85.082" errors="0">
  <testcase name="action" time="85.082" classname="Assignments.assignment8"/>
</testsuite> <!-- Assignments.assignment8 -->
