<?xml version="1.0" encoding="UTF-8"?>
<!-- Generated by org.testng.reporters.JUnitReportReporter -->
<testsuite skipped="0" hostname="Pushpendra" name="firstt.Priority2" tests="2" failures="0" timestamp="28 Feb 2019 08:49:11 GMT" time="0.007" errors="0">
  <testcase name="a" time="0.005" classname="firstt.Priority2"/>
  <testcase name="d" time="0.002" classname="firstt.Priority2"/>
</testsuite> <!-- firstt.Priority2 -->
