<?xml version="1.0" encoding="UTF-8"?>
<!-- Generated by org.testng.reporters.JUnitReportReporter -->
<testsuite hostname="MeghaSinha" name="firstt.M" tests="1" failures="0" timestamp="28 Feb 2019 08:38:25 GMT" time="0.016" errors="0">
  <testcase name="m1" time="0.016" classname="firstt.M"/>
</testsuite> <!-- firstt.M -->
