<?xml version="1.0" encoding="UTF-8"?>
<!-- Generated by org.testng.reporters.JUnitReportReporter -->
<testsuite skipped="0" hostname="LAPTOP-DUI2CR0P" name="firstt.TestTestNg4" tests="4" failures="0" timestamp="27 Feb 2019 10:41:03 GMT" time="0.015" errors="0">
  <testcase name="testTest1" time="0.015" classname="firstt.TestTestNg4"/>
  <testcase name="testTest1" time="0.000" classname="firstt.TestTestNg4"/>
  <testcase name="testTest2" time="0.000" classname="firstt.TestTestNg4"/>
  <testcase name="test3" time="0.000" classname="firstt.TestTestNg4"/>
</testsuite> <!-- firstt.TestTestNg4 -->
