<?xml version="1.0" encoding="UTF-8"?>
<!-- Generated by org.testng.reporters.JUnitReportReporter -->
<testsuite skipped="0" hostname="Admin-PC" name="firstt.datadriven2" tests="1" failures="0" timestamp="01 Mar 2019 01:26:01 GMT" time="0.796" errors="0">
  <testcase name="b1" time="0.796" classname="firstt.datadriven2"/>
</testsuite> <!-- firstt.datadriven2 -->
