<?xml version="1.0" encoding="UTF-8"?>
<!-- Generated by org.testng.reporters.JUnitReportReporter -->
<testsuite skipped="2" hostname="LAPTOP-DUI2CR0P" name="firstt.TestTesNg5" tests="7" failures="0" timestamp="28 Feb 2019 03:09:59 GMT" time="0.015" errors="0">
  <testcase name="test1" time="0.015" classname="firstt.TestTesNg5"/>
  <testcase name="test4" time="0.000" classname="firstt.TestTesNg5"/>
  <testcase name="test5" time="0.000" classname="firstt.TestTesNg5"/>
  <testcase name="test5" time="0.000" classname="firstt.TestTesNg5"/>
  <testcase name="test5" time="0.000" classname="firstt.TestTesNg5"/>
  <testcase name="test3" classname="firstt.TestTesNg5">
    <skipped/>
  </testcase> <!-- test3 -->
  <testcase name="test2" classname="firstt.TestTesNg5">
    <skipped/>
  </testcase> <!-- test2 -->
</testsuite> <!-- firstt.TestTesNg5 -->
