<?xml version="1.0" encoding="UTF-8"?>
<!-- Generated by org.testng.reporters.JUnitReportReporter -->
<testsuite skipped="1" hostname="Rohit-PC" name="firstt.Excel" tests="1" failures="0" timestamp="01 Mar 2019 04:09:51 GMT" time="0.000" errors="0">
  <testcase name="testt" time="0.000" classname="firstt.Excel">
    <skipped/>
  </testcase> <!-- testt -->
</testsuite> <!-- firstt.Excel -->
