<?xml version="1.0" encoding="UTF-8"?>
<!-- Generated by org.testng.reporters.JUnitReportReporter -->
<testsuite skipped="0" hostname="Pushpendra" name="firstt.TestTestNg1" tests="1" failures="0" timestamp="27 Feb 2019 15:59:02 GMT" time="0.015" errors="0">
  <testcase name="test" time="0.015" classname="firstt.TestTestNg1"/>
</testsuite> <!-- firstt.TestTestNg1 -->
