<?xml version="1.0" encoding="UTF-8"?>
<!-- Generated by org.testng.reporters.JUnitReportReporter -->
<testsuite hostname="MeghaSinha" name="firstt.Priority" tests="4" failures="0" timestamp="27 Feb 2019 10:39:52 GMT" time="0.016" errors="0">
  <testcase name="createpw" time="0.000" classname="firstt.Priority"/>
  <testcase name="createlogin" time="0.000" classname="firstt.Priority"/>
  <testcase name="createun" time="0.000" classname="firstt.Priority"/>
  <testcase name="createhomepage" time="0.016" classname="firstt.Priority"/>
</testsuite> <!-- firstt.Priority -->
