<?xml version="1.0" encoding="UTF-8"?>
<!-- Generated by org.testng.reporters.JUnitReportReporter -->
<testsuite skipped="0" hostname="Rohit-PC" name="firstt.CraftsVilla" tests="1" failures="0" timestamp="04 Mar 2019 05:17:07 GMT" time="32.202" errors="0">
  <testcase name="openBrowser" time="32.202" classname="firstt.CraftsVilla"/>
</testsuite> <!-- firstt.CraftsVilla -->
