<?xml version="1.0" encoding="UTF-8"?>
<!-- Generated by org.testng.reporters.JUnitReportReporter -->
<testsuite skipped="0" hostname="DESKTOP-BN2B2LR" name="firstt.P3" tests="2" failures="0" timestamp="27 Feb 2019 10:08:26 GMT" time="0.006" errors="0">
  <testcase name="test" time="0.004" classname="firstt.P3"/>
  <testcase name="m5" time="0.002" classname="firstt.P3"/>
</testsuite> <!-- firstt.P3 -->
