<?xml version="1.0" encoding="UTF-8"?>
<!-- Generated by org.testng.reporters.JUnitReportReporter -->
<testsuite skipped="0" hostname="LAPTOP-DUI2CR0P" name="firstt.TestTestNg6" tests="5" failures="0" timestamp="27 Feb 2019 11:40:08 GMT" time="0.031" errors="0">
  <testcase name="d" time="0.000" classname="firstt.TestTestNg6"/>
  <testcase name="b" time="0.000" classname="firstt.TestTestNg6"/>
  <testcase name="c" time="0.015" classname="firstt.TestTestNg6"/>
  <testcase name="e" time="0.016" classname="firstt.TestTestNg6"/>
  <testcase name="a" time="0.000" classname="firstt.TestTestNg6"/>
</testsuite> <!-- firstt.TestTestNg6 -->
