<?xml version="1.0" encoding="UTF-8"?>
<!-- Generated by org.testng.reporters.JUnitReportReporter -->
<testsuite skipped="0" hostname="LAPTOP-DUI2CR0P" name="firstt.TestTestNg9" tests="1" failures="0" timestamp="28 Feb 2019 08:55:26 GMT" time="0.016" errors="0">
  <testcase name="test" time="0.016" classname="firstt.TestTestNg9"/>
</testsuite> <!-- firstt.TestTestNg9 -->
