<?xml version="1.0" encoding="UTF-8"?>
<!-- Generated by org.testng.reporters.JUnitReportReporter -->
<testsuite hostname="MeghaSinha" name="firstt.N" tests="2" failures="0" timestamp="28 Feb 2019 08:38:25 GMT" time="0.000" errors="0">
  <testcase name="createuser" time="0.000" classname="firstt.N"/>
  <testcase name="loginuser" time="0.000" classname="firstt.N"/>
</testsuite> <!-- firstt.N -->
