<?xml version="1.0" encoding="UTF-8"?>
<!-- Generated by org.testng.reporters.JUnitReportReporter -->
<testsuite skipped="0" hostname="Rohit-PC" name="firstt.MagicBricks" tests="1" failures="0" timestamp="03 Mar 2019 10:00:32 GMT" time="28.510" errors="0">
  <testcase name="searchHome" time="28.510" classname="firstt.MagicBricks"/>
</testsuite> <!-- firstt.MagicBricks -->
