<?xml version="1.0" encoding="UTF-8"?>
<!-- Generated by org.testng.reporters.JUnitReportReporter -->
<testsuite skipped="0" hostname="DESKTOP-BN2B2LR" name="firstt.P2" tests="1" failures="0" timestamp="27 Feb 2019 09:50:27 GMT" time="0.002" errors="0">
  <testcase name="test" time="0.002" classname="firstt.P2"/>
</testsuite> <!-- firstt.P2 -->
