<?xml version="1.0" encoding="UTF-8"?>
<!-- Generated by org.testng.reporters.JUnitReportReporter -->
<testsuite skipped="0" hostname="Rohit-PC" name="firstt.OptPara" tests="2" failures="0" timestamp="01 Mar 2019 04:53:50 GMT" time="0.030" errors="0">
  <testcase name="test" time="0.015" classname="firstt.OptPara"/>
  <testcase name="test" time="0.015" classname="firstt.OptPara"/>
</testsuite> <!-- firstt.OptPara -->
