<?xml version="1.0" encoding="UTF-8"?>
<!-- Generated by org.testng.reporters.JUnitReportReporter -->
<testsuite hostname="MeghaSinha" name="firstt.Dependsonmethod" tests="4" failures="0" timestamp="27 Feb 2019 11:14:35 GMT" time="0.015" errors="0">
  <testcase name="a" time="0.000" classname="firstt.Dependsonmethod"/>
  <testcase name="b" time="0.015" classname="firstt.Dependsonmethod"/>
  <testcase name="m" time="0.000" classname="firstt.Dependsonmethod"/>
  <testcase name="c" time="0.000" classname="firstt.Dependsonmethod"/>
</testsuite> <!-- firstt.Dependsonmethod -->
