<?xml version="1.0" encoding="UTF-8"?>
<!-- Generated by org.testng.reporters.JUnitReportReporter -->
<testsuite skipped="0" hostname="Admin-PC" name="Assignments.assignment6" tests="1" failures="0" timestamp="04 Mar 2019 04:03:07 GMT" time="29.366" errors="0">
  <testcase name="action" time="29.366" classname="Assignments.assignment6"/>
</testsuite> <!-- Assignments.assignment6 -->
