<?xml version="1.0" encoding="UTF-8"?>
<!-- Generated by org.testng.reporters.JUnitReportReporter -->
<testsuite skipped="0" hostname="LAPTOP-DUI2CR0P" name="firstt.TestNgDataNew" tests="1" failures="0" timestamp="03 Mar 2019 04:50:09 GMT" time="0.016" errors="0">
  <testcase name="test" time="0.016" classname="firstt.TestNgDataNew"/>
</testsuite> <!-- firstt.TestNgDataNew -->
