<?xml version="1.0" encoding="UTF-8"?>
<!-- Generated by org.testng.reporters.JUnitReportReporter -->
<testsuite skipped="1" hostname="DESKTOP-BN2B2LR" name="firstt.Skip1" tests="2" failures="0" timestamp="28 Feb 2019 07:20:14 GMT" time="0.006" errors="0">
  <testcase name="m1" time="0.006" classname="firstt.Skip1"/>
  <testcase name="m2" classname="firstt.Skip1">
    <skipped/>
  </testcase> <!-- m2 -->
</testsuite> <!-- firstt.Skip1 -->
