<?xml version="1.0" encoding="UTF-8"?>
<!-- Generated by org.testng.reporters.JUnitReportReporter -->
<testsuite skipped="1" hostname="Admin-PC" name="firstt.invocation" tests="8" failures="0" timestamp="27 Feb 2019 11:05:03 GMT" time="0.030" errors="0">
  <testcase name="b0" time="0.013" classname="firstt.invocation"/>
  <testcase name="a1" time="0.002" classname="firstt.invocation"/>
  <testcase name="a1" time="0.002" classname="firstt.invocation"/>
  <testcase name="a1" time="0.003" classname="firstt.invocation"/>
  <testcase name="a" time="0.003" classname="firstt.invocation"/>
  <testcase name="a1" time="0.004" classname="firstt.invocation"/>
  <testcase name="a1" time="0.003" classname="firstt.invocation"/>
  <testcase name="b" classname="firstt.invocation">
    <skipped/>
  </testcase> <!-- b -->
</testsuite> <!-- firstt.invocation -->
