<?xml version="1.0" encoding="UTF-8"?>
<!-- Generated by org.testng.reporters.JUnitReportReporter -->
<testsuite skipped="0" hostname="Admin-PC" name="firstt.optionalparameter" tests="2" failures="0" timestamp="01 Mar 2019 04:25:40 GMT" time="0.038" errors="0">
  <testcase name="b1" time="0.016" classname="firstt.optionalparameter"/>
  <testcase name="b1" time="0.022" classname="firstt.optionalparameter"/>
</testsuite> <!-- firstt.optionalparameter -->
