<?xml version="1.0" encoding="UTF-8"?>
<!-- Generated by org.testng.reporters.JUnitReportReporter -->
<testsuite skipped="0" hostname="Rohit-PC" name="firstt.TestDemo2" tests="2" failures="0" timestamp="27 Feb 2019 10:53:06 GMT" time="0.006" errors="0">
  <testcase name="method1" time="0.003" classname="firstt.TestDemo2"/>
  <testcase name="method2" time="0.003" classname="firstt.TestDemo2"/>
</testsuite> <!-- firstt.TestDemo2 -->
