<?xml version="1.0" encoding="UTF-8"?>
<!-- Generated by org.testng.reporters.JUnitReportReporter -->
<testsuite skipped="0" hostname="Rohit-PC" name="firstt.TestPara" tests="1" failures="0" timestamp="28 Feb 2019 10:08:14 GMT" time="0.015" errors="0">
  <testcase name="m1" time="0.015" classname="firstt.TestPara"/>
</testsuite> <!-- firstt.TestPara -->
