<?xml version="1.0" encoding="UTF-8"?>
<!-- Generated by org.testng.reporters.JUnitReportReporter -->
<testsuite skipped="0" hostname="MeghaSinha" name="firstt.Testng2" tests="1" failures="0" timestamp="28 Feb 2019 07:22:52 GMT" time="0.000" errors="0">
  <testcase name="test" time="0.000" classname="firstt.Testng2"/>
</testsuite> <!-- firstt.Testng2 -->
