<?xml version="1.0" encoding="UTF-8"?>
<!-- Generated by org.testng.reporters.JUnitReportReporter -->
<testsuite skipped="0" hostname="LAPTOP-DUI2CR0P" name="firstt.TestTestNg1" tests="1" failures="0" timestamp="27 Feb 2019 10:03:04 GMT" time="0.015" errors="0">
  <testcase name="testTestng2" time="0.015" classname="firstt.TestTestNg1"/>
</testsuite> <!-- firstt.TestTestNg1 -->
