<?xml version="1.0" encoding="UTF-8"?>
<!-- Generated by org.testng.reporters.JUnitReportReporter -->
<testsuite skipped="0" hostname="Pushpendra" name="firstt.DemoAssretion" tests="2" failures="0" timestamp="03 Mar 2019 03:54:15 GMT" time="0.015" errors="0">
  <testcase name="asser1" time="0.000" classname="firstt.DemoAssretion"/>
  <testcase name="asser" time="0.015" classname="firstt.DemoAssretion"/>
</testsuite> <!-- firstt.DemoAssretion -->
