<?xml version="1.0" encoding="UTF-8"?>
<!-- Generated by org.testng.reporters.JUnitReportReporter -->
<testsuite skipped="1" hostname="Pushpendra" name="firstt.ProductGroup" tests="3" failures="0" timestamp="28 Feb 2019 08:44:24 GMT" time="0.025" errors="0">
  <testcase name="editProduct" time="0.005" classname="firstt.ProductGroup"/>
  <testcase name="createProduct" time="0.020" classname="firstt.ProductGroup"/>
  <testcase name="exportProduct" classname="firstt.ProductGroup">
    <skipped/>
  </testcase> <!-- exportProduct -->
</testsuite> <!-- firstt.ProductGroup -->
