<?xml version="1.0" encoding="UTF-8"?>
<!-- Generated by org.testng.reporters.JUnitReportReporter -->
<testsuite skipped="0" hostname="DESKTOP-BN2B2LR" name="firstt.P3" tests="2" failures="0" timestamp="28 Feb 2019 07:19:48 GMT" time="0.013" errors="0">
  <testcase name="test" time="0.009" classname="firstt.P3"/>
  <testcase name="m5" time="0.004" classname="firstt.P3"/>
</testsuite> <!-- firstt.P3 -->
