<?xml version="1.0" encoding="UTF-8"?>
<!-- Generated by org.testng.reporters.JUnitReportReporter -->
<testsuite skipped="0" hostname="LAPTOP-DUI2CR0P" name="firstt.TestTestNg7" tests="3" failures="0" timestamp="28 Feb 2019 04:59:25 GMT" time="0.016" errors="0">
  <testcase name="test3" time="0.000" classname="firstt.TestTestNg7"/>
  <testcase name="test2" time="0.000" classname="firstt.TestTestNg7"/>
  <testcase name="test1" time="0.016" classname="firstt.TestTestNg7"/>
</testsuite> <!-- firstt.TestTestNg7 -->
