<?xml version="1.0" encoding="UTF-8"?>
<!-- Generated by org.testng.reporters.JUnitReportReporter -->
<testsuite skipped="0" hostname="LAPTOP-DUI2CR0P" name="firstt.PrgTorRunFailed" tests="1" failures="0" timestamp="04 Mar 2019 00:43:58 GMT" time="0.806" errors="0">
  <testcase name="runn" time="0.806" classname="firstt.PrgTorRunFailed"/>
</testsuite> <!-- firstt.PrgTorRunFailed -->
