<?xml version="1.0" encoding="UTF-8"?>
<!-- Generated by org.testng.reporters.JUnitReportReporter -->
<testsuite hostname="MeghaSinha" name="firstt.Mixed" tests="4" failures="0" timestamp="27 Feb 2019 11:19:49 GMT" time="0.016" errors="0">
  <testcase name="d" time="0.000" classname="firstt.Mixed"/>
  <testcase name="a" time="0.016" classname="firstt.Mixed"/>
  <testcase name="b" time="0.000" classname="firstt.Mixed"/>
  <testcase name="c" time="0.000" classname="firstt.Mixed"/>
</testsuite> <!-- firstt.Mixed -->
