<?xml version="1.0" encoding="UTF-8"?>
<!-- Generated by org.testng.reporters.JUnitReportReporter -->
<testsuite hostname="MeghaSinha" name="firstt.Testng1" tests="1" failures="0" timestamp="27 Feb 2019 10:07:25 GMT" time="0.016" errors="0">
  <testcase name="test" time="0.016" classname="firstt.Testng1"/>
</testsuite> <!-- firstt.Testng1 -->
