<?xml version="1.0" encoding="UTF-8"?>
<!-- Generated by org.testng.reporters.JUnitReportReporter -->
<testsuite skipped="0" hostname="Rohit-PC" name="firstt.Groups" tests="4" failures="0" timestamp="28 Feb 2019 07:32:50 GMT" time="0.014" errors="0">
  <testcase name="update" time="0.002" classname="firstt.Groups"/>
  <testcase name="logIn" time="0.001" classname="firstt.Groups"/>
  <testcase name="delete" time="0.010" classname="firstt.Groups"/>
  <testcase name="logOut" time="0.001" classname="firstt.Groups"/>
</testsuite> <!-- firstt.Groups -->
