<?xml version="1.0" encoding="UTF-8"?>
<!-- Generated by org.testng.reporters.JUnitReportReporter -->
<testsuite skipped="0" hostname="DESKTOP-BN2B2LR" name="dependsOnGroups.DemoD" tests="2" failures="0" timestamp="28 Feb 2019 17:51:44 GMT" time="0.016" errors="0">
  <testcase name="normaltestclass" time="0.008" classname="dependsOnGroups.DemoD"/>
  <testcase name="normaltestclass" time="0.008" classname="dependsOnGroups.DemoD"/>
</testsuite> <!-- dependsOnGroups.DemoD -->
