<?xml version="1.0" encoding="UTF-8"?>
<!-- Generated by org.testng.reporters.JUnitReportReporter -->
<testsuite skipped="0" hostname="DESKTOP-BN2B2LR" name="firstt.depend1" tests="2" failures="0" timestamp="27 Feb 2019 11:21:40 GMT" time="0.015" errors="0">
  <testcase name="b2" time="0.000" classname="firstt.depend1"/>
  <testcase name="b1" time="0.015" classname="firstt.depend1"/>
</testsuite> <!-- firstt.depend1 -->
