<?xml version="1.0" encoding="UTF-8"?>
<!-- Generated by org.testng.reporters.JUnitReportReporter -->
<testsuite skipped="0" hostname="Pushpendra" name="firstt.DemoParameter" tests="1" failures="0" timestamp="28 Feb 2019 17:20:44 GMT" time="0.024" errors="0">
  <testcase name="run" time="0.024" classname="firstt.DemoParameter"/>
</testsuite> <!-- firstt.DemoParameter -->
