<?xml version="1.0" encoding="UTF-8"?>
<!-- Generated by org.testng.reporters.JUnitReportReporter -->
<testsuite skipped="0" hostname="Pushpendra" name="firstt.TestTestNG3" tests="1" failures="0" timestamp="27 Feb 2019 16:03:17 GMT" time="0.031" errors="0">
  <testcase name="test" time="0.031" classname="firstt.TestTestNG3"/>
</testsuite> <!-- firstt.TestTestNG3 -->
