<?xml version="1.0" encoding="UTF-8"?>
<!-- Generated by org.testng.reporters.JUnitReportReporter -->
<testsuite skipped="0" hostname="DESKTOP-BN2B2LR" name="firstt.Depend" tests="4" failures="0" timestamp="28 Feb 2019 05:01:03 GMT" time="0.013" errors="0">
  <testcase name="c" time="0.001" classname="firstt.Depend"/>
  <testcase name="a" time="0.007" classname="firstt.Depend"/>
  <testcase name="b" time="0.002" classname="firstt.Depend"/>
  <testcase name="d" time="0.003" classname="firstt.Depend"/>
</testsuite> <!-- firstt.Depend -->
