<?xml version="1.0" encoding="UTF-8"?>
<!-- Generated by org.testng.reporters.JUnitReportReporter -->
<testsuite hostname="MeghaSinha" name="firstt.TestA" tests="1" failures="0" timestamp="27 Feb 2019 10:07:25 GMT" time="0.000" errors="0">
  <testcase name="test" time="0.000" classname="firstt.TestA"/>
</testsuite> <!-- firstt.TestA -->
