<?xml version="1.0" encoding="UTF-8"?>
<!-- Generated by org.testng.reporters.JUnitReportReporter -->
<testsuite skipped="0" hostname="Pushpendra" name="firstt.TestTestNG2" tests="6" failures="0" timestamp="27 Feb 2019 17:31:23 GMT" time="0.093" errors="0">
  <testcase name="d" time="0.016" classname="firstt.TestTestNG2"/>
  <testcase name="c" time="0.031" classname="firstt.TestTestNG2"/>
  <testcase name="a" time="0.015" classname="firstt.TestTestNG2"/>
  <testcase name="c" time="0.031" classname="firstt.TestTestNG2"/>
  <testcase name="c" time="0.000" classname="firstt.TestTestNG2"/>
  <testcase name="b" time="0.000" classname="firstt.TestTestNG2"/>
</testsuite> <!-- firstt.TestTestNG2 -->
