<?xml version="1.0" encoding="UTF-8"?>
<!-- Generated by org.testng.reporters.JUnitReportReporter -->
<testsuite skipped="0" hostname="Rohit-PC" name="firstt.Dependson" tests="4" failures="0" timestamp="28 Feb 2019 07:33:06 GMT" time="0.016" errors="0">
  <testcase name="method2" time="0.000" classname="firstt.Dependson"/>
  <testcase name="method3" time="0.008" classname="firstt.Dependson"/>
  <testcase name="method1" time="0.008" classname="firstt.Dependson"/>
  <testcase name="method4" time="0.000" classname="firstt.Dependson"/>
</testsuite> <!-- firstt.Dependson -->
