<?xml version="1.0" encoding="UTF-8"?>
<!-- Generated by org.testng.reporters.JUnitReportReporter -->
<testsuite skipped="0" hostname="LAPTOP-DUI2CR0P" name="firstt.TestIntegration" tests="3" failures="0" timestamp="28 Feb 2019 09:11:47 GMT" time="0.031" errors="0">
  <testcase name="fIntegration" time="0.031" classname="firstt.TestIntegration"/>
  <testcase name="sIntegration" time="0.000" classname="firstt.TestIntegration"/>
  <testcase name="smoke" time="0.000" classname="firstt.TestIntegration"/>
</testsuite> <!-- firstt.TestIntegration -->
