<?xml version="1.0" encoding="UTF-8"?>
<!-- Generated by org.testng.reporters.JUnitReportReporter -->
<testsuite skipped="0" hostname="Admin-PC" name="firstt.Sample4" tests="1" failures="0" timestamp="27 Feb 2019 10:15:54 GMT" time="0.004" errors="0">
  <testcase name="test" time="0.004" classname="firstt.Sample4"/>
</testsuite> <!-- firstt.Sample4 -->
