<?xml version="1.0" encoding="UTF-8"?>
<!-- Generated by org.testng.reporters.JUnitReportReporter -->
<testsuite skipped="0" hostname="Admin-PC" name="firstt.TestNGgroups" tests="6" failures="0" timestamp="28 Feb 2019 08:47:40 GMT" time="0.016" errors="0">
  <testcase name="b2" time="0.000" classname="firstt.TestNGgroups"/>
  <testcase name="b2" time="0.000" classname="firstt.TestNGgroups"/>
  <testcase name="b2" time="0.000" classname="firstt.TestNGgroups"/>
  <testcase name="b2" time="0.016" classname="firstt.TestNGgroups"/>
  <testcase name="b2" time="0.000" classname="firstt.TestNGgroups"/>
  <testcase name="b1" time="0.000" classname="firstt.TestNGgroups"/>
</testsuite> <!-- firstt.TestNGgroups -->
