<?xml version="1.0" encoding="UTF-8"?>
<!-- Generated by org.testng.reporters.JUnitReportReporter -->
<testsuite hostname="MeghaSinha" name="firstt.Invocation" tests="5" failures="0" timestamp="27 Feb 2019 10:32:02 GMT" time="0.031" errors="0">
  <testcase name="m1" time="0.000" classname="firstt.Invocation"/>
  <testcase name="m1" time="0.000" classname="firstt.Invocation"/>
  <testcase name="m2" time="0.000" classname="firstt.Invocation"/>
  <testcase name="m2" time="0.016" classname="firstt.Invocation"/>
  <testcase name="m1" time="0.015" classname="firstt.Invocation"/>
</testsuite> <!-- firstt.Invocation -->
