<?xml version="1.0" encoding="UTF-8"?>
<!-- Generated by org.testng.reporters.JUnitReportReporter -->
<testsuite skipped="0" hostname="Admin-PC" name="Assignments.assignment5" tests="1" failures="0" timestamp="03 Mar 2019 17:19:18 GMT" time="93.852" errors="0">
  <testcase name="action" time="93.852" classname="Assignments.assignment5"/>
</testsuite> <!-- Assignments.assignment5 -->
