<?xml version="1.0" encoding="UTF-8"?>
<!-- Generated by org.testng.reporters.JUnitReportReporter -->
<testsuite skipped="0" hostname="LAPTOP-DUI2CR0P" name="firstt.TestTestNg8" tests="1" failures="0" timestamp="28 Feb 2019 08:55:26 GMT" time="0.000" errors="0">
  <testcase name="test" time="0.000" classname="firstt.TestTestNg8"/>
</testsuite> <!-- firstt.TestTestNg8 -->
