<?xml version="1.0" encoding="UTF-8"?>
<!-- Generated by org.testng.reporters.JUnitReportReporter -->
<testsuite skipped="0" hostname="Admin-PC" name="firstt.Assertion3" tests="1" failures="0" timestamp="01 Mar 2019 05:50:14 GMT" time="0.016" errors="0">
  <testcase name="b1" time="0.016" classname="firstt.Assertion3"/>
</testsuite> <!-- firstt.Assertion3 -->
