<?xml version="1.0" encoding="UTF-8"?>
<!-- Generated by org.testng.reporters.JUnitReportReporter -->
<testsuite skipped="0" hostname="DESKTOP-BN2B2LR" name="firstt.Invocat1" tests="7" failures="0" timestamp="28 Feb 2019 04:54:06 GMT" time="0.017" errors="0">
  <testcase name="m2" time="0.002" classname="firstt.Invocat1"/>
  <testcase name="m2" time="0.009" classname="firstt.Invocat1"/>
  <testcase name="m2" time="0.001" classname="firstt.Invocat1"/>
  <testcase name="m1" time="0.001" classname="firstt.Invocat1"/>
  <testcase name="m1" time="0.000" classname="firstt.Invocat1"/>
  <testcase name="m3" time="0.002" classname="firstt.Invocat1"/>
  <testcase name="m3" time="0.002" classname="firstt.Invocat1"/>
</testsuite> <!-- firstt.Invocat1 -->
