<?xml version="1.0" encoding="UTF-8"?>
<!-- Generated by org.testng.reporters.JUnitReportReporter -->
<testsuite skipped="0" hostname="DESKTOP-BN2B2LR" name="testng1.Demo3" tests="2" failures="0" timestamp="01 Mar 2019 06:52:19 GMT" time="0.005" errors="0">
  <testcase name="run2" time="0.001" classname="testng1.Demo3"/>
  <testcase name="run" time="0.004" classname="testng1.Demo3"/>
</testsuite> <!-- testng1.Demo3 -->
