<?xml version="1.0" encoding="UTF-8"?>
<!-- Generated by org.testng.reporters.JUnitReportReporter -->
<testsuite skipped="0" hostname="DESKTOP-BN2B2LR" name="dependsOnGroups.DemoC" tests="1" failures="0" timestamp="28 Feb 2019 16:51:01 GMT" time="0.008" errors="0">
  <testcase name="normaltestclass" time="0.008" classname="dependsOnGroups.DemoC"/>
</testsuite> <!-- dependsOnGroups.DemoC -->
