<?xml version="1.0" encoding="UTF-8"?>
<!-- Generated by org.testng.reporters.JUnitReportReporter -->
<testsuite skipped="1" hostname="DESKTOP-BN2B2LR" name="firstt.Skip2" tests="3" failures="0" timestamp="28 Feb 2019 07:20:21 GMT" time="0.005" errors="0">
  <testcase name="m1" time="0.005" classname="firstt.Skip2"/>
  <testcase name="m3" time="0.000" classname="firstt.Skip2"/>
  <testcase name="m2" classname="firstt.Skip2">
    <skipped/>
  </testcase> <!-- m2 -->
</testsuite> <!-- firstt.Skip2 -->
