<?xml version="1.0" encoding="UTF-8"?>
<!-- Generated by org.testng.reporters.JUnitReportReporter -->
<testsuite skipped="0" hostname="Admin-PC" name="firstt.dependsonMethods2" tests="5" failures="0" timestamp="27 Feb 2019 11:27:05 GMT" time="0.028" errors="0">
  <testcase name="a2" time="0.002" classname="firstt.dependsonMethods2"/>
  <testcase name="a1" time="0.015" classname="firstt.dependsonMethods2"/>
  <testcase name="a2" time="0.003" classname="firstt.dependsonMethods2"/>
  <testcase name="a2" time="0.003" classname="firstt.dependsonMethods2"/>
  <testcase name="a3" time="0.005" classname="firstt.dependsonMethods2"/>
</testsuite> <!-- firstt.dependsonMethods2 -->
