<?xml version="1.0" encoding="UTF-8"?>
<!-- Generated by org.testng.reporters.JUnitReportReporter -->
<testsuite skipped="0" hostname="AmishOm-PC" name="firstt.Amazon" tests="1" failures="0" timestamp="03 Mar 2019 13:01:39 GMT" time="98.342" errors="0">
  <testcase name="test" time="98.342" classname="firstt.Amazon"/>
</testsuite> <!-- firstt.Amazon -->
