<?xml version="1.0" encoding="UTF-8"?>
<!-- Generated by org.testng.reporters.JUnitReportReporter -->
<testsuite skipped="0" hostname="LAPTOP-DUI2CR0P" name="firstt.Test2" tests="1" failures="0" timestamp="01 Mar 2019 03:57:15 GMT" time="0.016" errors="0">
  <testcase name="test11" time="0.016" classname="firstt.Test2"/>
</testsuite> <!-- firstt.Test2 -->
