<?xml version="1.0" encoding="UTF-8"?>
<!-- Generated by org.testng.reporters.JUnitReportReporter -->
<testsuite skipped="0" hostname="DESKTOP-BN2B2LR" name="data_provi.ReadDataFrXls" tests="1" failures="0" timestamp="01 Mar 2019 02:39:40 GMT" time="0.489" errors="0">
  <testcase name="normaltestcase" time="0.489" classname="data_provi.ReadDataFrXls"/>
</testsuite> <!-- data_provi.ReadDataFrXls -->
