<?xml version="1.0" encoding="UTF-8"?>
<!-- Generated by org.testng.reporters.JUnitReportReporter -->
<testsuite skipped="0" hostname="Admin-PC" name="Assignments.assignment7" tests="1" failures="0" timestamp="04 Mar 2019 08:46:20 GMT" time="40.252" errors="0">
  <testcase name="action" time="40.252" classname="Assignments.assignment7"/>
</testsuite> <!-- Assignments.assignment7 -->
