<?xml version="1.0" encoding="UTF-8"?>
<!-- Generated by org.testng.reporters.JUnitReportReporter -->
<testsuite skipped="0" hostname="Admin-PC" name="firstt.test1" tests="2" failures="0" timestamp="28 Feb 2019 08:46:37 GMT" time="0.020" errors="0">
  <testcase name="a1" time="0.004" classname="firstt.test1"/>
  <testcase name="aa" time="0.016" classname="firstt.test1"/>
</testsuite> <!-- firstt.test1 -->
