<?xml version="1.0" encoding="UTF-8"?>
<!-- Generated by org.testng.reporters.JUnitReportReporter -->
<testsuite skipped="0" hostname="AmishOm-PC" name="firstt.Magicbrick" tests="1" failures="0" timestamp="03 Mar 2019 13:01:06 GMT" time="78.223" errors="0">
  <testcase name="test" time="78.223" classname="firstt.Magicbrick"/>
</testsuite> <!-- firstt.Magicbrick -->
