<?xml version="1.0" encoding="UTF-8"?>
<!-- Generated by org.testng.reporters.JUnitReportReporter -->
<testsuite skipped="0" hostname="Admin-PC" name="firstt.dependsonGroups" tests="2" failures="0" timestamp="28 Feb 2019 09:08:17 GMT" time="0.032" errors="0">
  <testcase name="b1" time="0.000" classname="firstt.dependsonGroups"/>
  <testcase name="b2" time="0.032" classname="firstt.dependsonGroups"/>
</testsuite> <!-- firstt.dependsonGroups -->
