<?xml version="1.0" encoding="UTF-8"?>
<!-- Generated by org.testng.reporters.JUnitReportReporter -->
<testsuite skipped="0" hostname="Admin-PC" name="firstt.Sample1" tests="1" failures="0" timestamp="27 Feb 2019 10:08:03 GMT" time="0.016" errors="0">
  <testcase name="test" time="0.016" classname="firstt.Sample1"/>
</testsuite> <!-- firstt.Sample1 -->
