<?xml version="1.0" encoding="UTF-8"?>
<!-- Generated by org.testng.reporters.JUnitReportReporter -->
<testsuite skipped="0" hostname="Admin-PC" name="firstt.runningfailedautomatically" tests="1" failures="0" timestamp="01 Mar 2019 08:46:12 GMT" time="0.235" errors="0">
  <testcase name="b1" time="0.235" classname="firstt.runningfailedautomatically"/>
</testsuite> <!-- firstt.runningfailedautomatically -->
