<?xml version="1.0" encoding="UTF-8"?>
<!-- Generated by org.testng.reporters.JUnitReportReporter -->
<testsuite skipped="0" hostname="DESKTOP-BN2B2LR" name="firstt.Group" tests="2" failures="0" timestamp="28 Feb 2019 05:33:17 GMT" time="0.011" errors="0">
  <testcase name="m3" time="0.001" classname="firstt.Group"/>
  <testcase name="m2" time="0.010" classname="firstt.Group"/>
</testsuite> <!-- firstt.Group -->
