<?xml version="1.0" encoding="UTF-8"?>
<!-- Generated by org.testng.reporters.JUnitReportReporter -->
<testsuite skipped="0" hostname="Admin-PC" name="firstt.datadriven1" tests="1" failures="0" timestamp="28 Feb 2019 12:02:45 GMT" time="0.726" errors="0">
  <testcase name="b1" time="0.726" classname="firstt.datadriven1"/>
</testsuite> <!-- firstt.datadriven1 -->
