<?xml version="1.0" encoding="UTF-8"?>
<!-- Generated by org.testng.reporters.JUnitReportReporter -->
<testsuite skipped="0" hostname="AmishOm-PC" name="firstt.Google" tests="1" failures="0" timestamp="03 Mar 2019 13:00:01 GMT" time="24.615" errors="0">
  <testcase name="test" time="24.615" classname="firstt.Google"/>
</testsuite> <!-- firstt.Google -->
