<?xml version="1.0" encoding="UTF-8"?>
<!-- Generated by org.testng.reporters.JUnitReportReporter -->
<testsuite skipped="0" hostname="MeghaSinha" name="firstt.Groups" tests="4" failures="0" timestamp="28 Feb 2019 07:33:07 GMT" time="0.016" errors="0">
  <testcase name="homepage" time="0.000" classname="firstt.Groups"/>
  <testcase name="createproduct" time="0.000" classname="firstt.Groups"/>
  <testcase name="byproduct" time="0.000" classname="firstt.Groups"/>
  <testcase name="addeproduct" time="0.016" classname="firstt.Groups"/>
</testsuite> <!-- firstt.Groups -->
